[
    {
      "Plan": {
        "Node Type": "Hash Join",
        "Join Type": "Inner",
        "Startup Cost": 2102217.00,
        "Total Cost": 3603663.50,
        "Plan Rows": 10000,
        "Plan Width": 24,
        "Actual Startup Time": 74639.841,
        "Actual Total Time": 236894.646,
        "Actual Rows": 10000,
        "Actual Loops": 1,
        "Output": ["table_x_view.org_id", "table_x_view.x_0_alpha", "table_y_view.y_10_beta", "(calcc(table_z.z_100, 3))", "table_w_view.w_120_delta"],
        "Hash Cond": "((table_x_view.org_id)::text = (table_w_view.org_id)::text)",
        "Shared Hit Blocks": 2076,
        "Shared Read Blocks": 0,
        "Shared Dirtied Blocks": 0,
        "Shared Written Blocks": 0,
        "Local Hit Blocks": 0,
        "Local Read Blocks": 0,
        "Local Dirtied Blocks": 0,
        "Local Written Blocks": 0,
        "Temp Read Blocks": 0,
        "Temp Written Blocks": 0,
        "I/O Read Time": 0.000,
        "I/O Write Time": 0.000,
        "Plans": [
          {
            "Node Type": "Hash Join",
            "Parent Relationship": "Outer",
            "Join Type": "Inner",
            "Startup Cost": 601058.00,
            "Total Cost": 2102367.00,
            "Plan Rows": 10000,
            "Plan Width": 36,
            "Actual Startup Time": 19090.383,
            "Actual Total Time": 181263.983,
            "Actual Rows": 10000,
            "Actual Loops": 1,
            "Output": ["table_x_view.org_id", "table_x_view.x_0_alpha", "table_y_view.y_10_beta", "table_y_view.org_id", "(calcc(table_z.z_100, 3))", "table_z.org_id"],
            "Hash Cond": "((table_x_view.org_id)::text = (table_y_view.org_id)::text)",
            "Shared Hit Blocks": 1242,
            "Shared Read Blocks": 0,
            "Shared Dirtied Blocks": 0,
            "Shared Written Blocks": 0,
            "Local Hit Blocks": 0,
            "Local Read Blocks": 0,
            "Local Dirtied Blocks": 0,
            "Local Written Blocks": 0,
            "Temp Read Blocks": 0,
            "Temp Written Blocks": 0,
            "I/O Read Time": 0.000,
            "I/O Write Time": 0.000,
            "Plans": [
              {
                "Node Type": "Hash Join",
                "Parent Relationship": "Outer",
                "Join Type": "Inner",
                "Startup Cost": 100429.00,
                "Total Cost": 1601600.50,
                "Plan Rows": 10000,
                "Plan Width": 24,
                "Actual Startup Time": 3193.836,
                "Actual Total Time": 165154.306,
                "Actual Rows": 10000,
                "Actual Loops": 1,
                "Output": ["table_x_view.org_id", "table_x_view.x_0_alpha", "(calcc(table_z.z_100, 3))", "table_z.org_id"],
                "Hash Cond": "((table_z.org_id)::text = (table_x_view.org_id)::text)",
                "Shared Hit Blocks": 938,
                "Shared Read Blocks": 0,
                "Shared Dirtied Blocks": 0,
                "Shared Written Blocks": 0,
                "Local Hit Blocks": 0,
                "Local Read Blocks": 0,
                "Local Dirtied Blocks": 0,
                "Local Written Blocks": 0,
                "Temp Read Blocks": 0,
                "Temp Written Blocks": 0,
                "I/O Read Time": 0.000,
                "I/O Write Time": 0.000,
                "Plans": [
                  {
                    "Node Type": "Seq Scan",
                    "Parent Relationship": "Outer",
                    "Relation Name": "table_z",
                    "Schema": "public",
                    "Alias": "table_z",
                    "Startup Cost": 0.00,
                    "Total Cost": 1500934.00,
                    "Plan Rows": 10000,
                    "Plan Width": 608,
                    "Actual Startup Time": 11.568,
                    "Actual Total Time": 161735.312,
                    "Actual Rows": 10000,
                    "Actual Loops": 1,
                    "Output": ["table_z.org_id", "calcc(table_z.z_0, 1)", "calcc(table_z.z_0, 2)", "calcc(table_z.z_0, 3)", "calcc(table_z.z_0, 4)", "calcc(table_z.z_1, 1)", "calcc(table_z.z_1, 2)", "calcc(table_z.z_1, 3)", "calcc(table_z.z_1, 4)", "calcc(table_z.z_2, 1)", "calcc(table_z.z_2, 2)", "calcc(table_z.z_2, 3)", "calcc(table_z.z_2, 4)", "calcc(table_z.z_3, 1)", "calcc(table_z.z_3, 2)", "calcc(table_z.z_3, 3)", "calcc(table_z.z_3, 4)", "calcc(table_z.z_4, 1)", "calcc(table_z.z_4, 2)", "calcc(table_z.z_4, 3)", "calcc(table_z.z_4, 4)", "calcc(table_z.z_5, 1)", "calcc(table_z.z_5, 2)", "calcc(table_z.z_5, 3)", "calcc(table_z.z_5, 4)", "calcc(table_z.z_6, 1)", "calcc(table_z.z_6, 2)", "calcc(table_z.z_6, 3)", "calcc(table_z.z_6, 4)", "calcc(table_z.z_7, 1)", "calcc(table_z.z_7, 2)", "calcc(table_z.z_7, 3)", "calcc(table_z.z_7, 4)", "calcc(table_z.z_8, 1)", "calcc(table_z.z_8, 2)", "calcc(table_z.z_8, 3)", "calcc(table_z.z_8, 4)", "calcc(table_z.z_9, 1)", "calcc(table_z.z_9, 2)", "calcc(table_z.z_9, 3)", "calcc(table_z.z_9, 4)", "calcc(table_z.z_10, 1)", "calcc(table_z.z_10, 2)", "calcc(table_z.z_10, 3)", "calcc(table_z.z_10, 4)", "calcc(table_z.z_11, 1)", "calcc(table_z.z_11, 2)", "calcc(table_z.z_11, 3)", "calcc(table_z.z_11, 4)", "calcc(table_z.z_12, 1)", "calcc(table_z.z_12, 2)", "calcc(table_z.z_12, 3)", "calcc(table_z.z_12, 4)", "calcc(table_z.z_13, 1)", "calcc(table_z.z_13, 2)", "calcc(table_z.z_13, 3)", "calcc(table_z.z_13, 4)", "calcc(table_z.z_14, 1)", "calcc(table_z.z_14, 2)", "calcc(table_z.z_14, 3)", "calcc(table_z.z_14, 4)", "calcc(table_z.z_15, 1)", "calcc(table_z.z_15, 2)", "calcc(table_z.z_15, 3)", "calcc(table_z.z_15, 4)", "calcc(table_z.z_16, 1)", "calcc(table_z.z_16, 2)", "calcc(table_z.z_16, 3)", "calcc(table_z.z_16, 4)", "calcc(table_z.z_17, 1)", "calcc(table_z.z_17, 2)", "calcc(table_z.z_17, 3)", "calcc(table_z.z_17, 4)", "calcc(table_z.z_18, 1)", "calcc(table_z.z_18, 2)", "calcc(table_z.z_18, 3)", "calcc(table_z.z_18, 4)", "calcc(table_z.z_19, 1)", "calcc(table_z.z_19, 2)", "calcc(table_z.z_19, 3)", "calcc(table_z.z_19, 4)", "calcc(table_z.z_20, 1)", "calcc(table_z.z_20, 2)", "calcc(table_z.z_20, 3)", "calcc(table_z.z_20, 4)", "calcc(table_z.z_21, 1)", "calcc(table_z.z_21, 2)", "calcc(table_z.z_21, 3)", "calcc(table_z.z_21, 4)", "calcc(table_z.z_22, 1)", "calcc(table_z.z_22, 2)", "calcc(table_z.z_22, 3)", "calcc(table_z.z_22, 4)", "calcc(table_z.z_23, 1)", "calcc(table_z.z_23, 2)", "calcc(table_z.z_23, 3)", "calcc(table_z.z_23, 4)", "calcc(table_z.z_24, 1)", "calcc(table_z.z_24, 2)", "calcc(table_z.z_24, 3)", "calcc(table_z.z_24, 4)", "calcc(table_z.z_25, 1)", "calcc(table_z.z_25, 2)", "calcc(table_z.z_25, 3)", "calcc(table_z.z_25, 4)", "calcc(table_z.z_26, 1)", "calcc(table_z.z_26, 2)", "calcc(table_z.z_26, 3)", "calcc(table_z.z_26, 4)", "calcc(table_z.z_27, 1)", "calcc(table_z.z_27, 2)", "calcc(table_z.z_27, 3)", "calcc(table_z.z_27, 4)", "calcc(table_z.z_28, 1)", "calcc(table_z.z_28, 2)", "calcc(table_z.z_28, 3)", "calcc(table_z.z_28, 4)", "calcc(table_z.z_29, 1)", "calcc(table_z.z_29, 2)", "calcc(table_z.z_29, 3)", "calcc(table_z.z_29, 4)", "calcc(table_z.z_30, 1)", "calcc(table_z.z_30, 2)", "calcc(table_z.z_30, 3)", "calcc(table_z.z_30, 4)", "calcc(table_z.z_31, 1)", "calcc(table_z.z_31, 2)", "calcc(table_z.z_31, 3)", "calcc(table_z.z_31, 4)", "calcc(table_z.z_32, 1)", "calcc(table_z.z_32, 2)", "calcc(table_z.z_32, 3)", "calcc(table_z.z_32, 4)", "calcc(table_z.z_33, 1)", "calcc(table_z.z_33, 2)", "calcc(table_z.z_33, 3)", "calcc(table_z.z_33, 4)", "calcc(table_z.z_34, 1)", "calcc(table_z.z_34, 2)", "calcc(table_z.z_34, 3)", "calcc(table_z.z_34, 4)", "calcc(table_z.z_35, 1)", "calcc(table_z.z_35, 2)", "calcc(table_z.z_35, 3)", "calcc(table_z.z_35, 4)", "calcc(table_z.z_36, 1)", "calcc(table_z.z_36, 2)", "calcc(table_z.z_36, 3)", "calcc(table_z.z_36, 4)", "calcc(table_z.z_37, 1)", "calcc(table_z.z_37, 2)", "calcc(table_z.z_37, 3)", "calcc(table_z.z_37, 4)", "calcc(table_z.z_38, 1)", "calcc(table_z.z_38, 2)", "calcc(table_z.z_38, 3)", "calcc(table_z.z_38, 4)", "calcc(table_z.z_39, 1)", "calcc(table_z.z_39, 2)", "calcc(table_z.z_39, 3)", "calcc(table_z.z_39, 4)", "calcc(table_z.z_40, 1)", "calcc(table_z.z_40, 2)", "calcc(table_z.z_40, 3)", "calcc(table_z.z_40, 4)", "calcc(table_z.z_41, 1)", "calcc(table_z.z_41, 2)", "calcc(table_z.z_41, 3)", "calcc(table_z.z_41, 4)", "calcc(table_z.z_42, 1)", "calcc(table_z.z_42, 2)", "calcc(table_z.z_42, 3)", "calcc(table_z.z_42, 4)", "calcc(table_z.z_43, 1)", "calcc(table_z.z_43, 2)", "calcc(table_z.z_43, 3)", "calcc(table_z.z_43, 4)", "calcc(table_z.z_44, 1)", "calcc(table_z.z_44, 2)", "calcc(table_z.z_44, 3)", "calcc(table_z.z_44, 4)", "calcc(table_z.z_45, 1)", "calcc(table_z.z_45, 2)", "calcc(table_z.z_45, 3)", "calcc(table_z.z_45, 4)", "calcc(table_z.z_46, 1)", "calcc(table_z.z_46, 2)", "calcc(table_z.z_46, 3)", "calcc(table_z.z_46, 4)", "calcc(table_z.z_47, 1)", "calcc(table_z.z_47, 2)", "calcc(table_z.z_47, 3)", "calcc(table_z.z_47, 4)", "calcc(table_z.z_48, 1)", "calcc(table_z.z_48, 2)", "calcc(table_z.z_48, 3)", "calcc(table_z.z_48, 4)", "calcc(table_z.z_49, 1)", "calcc(table_z.z_49, 2)", "calcc(table_z.z_49, 3)", "calcc(table_z.z_49, 4)", "calcc(table_z.z_50, 1)", "calcc(table_z.z_50, 2)", "calcc(table_z.z_50, 3)", "calcc(table_z.z_50, 4)", "calcc(table_z.z_51, 1)", "calcc(table_z.z_51, 2)", "calcc(table_z.z_51, 3)", "calcc(table_z.z_51, 4)", "calcc(table_z.z_52, 1)", "calcc(table_z.z_52, 2)", "calcc(table_z.z_52, 3)", "calcc(table_z.z_52, 4)", "calcc(table_z.z_53, 1)", "calcc(table_z.z_53, 2)", "calcc(table_z.z_53, 3)", "calcc(table_z.z_53, 4)", "calcc(table_z.z_54, 1)", "calcc(table_z.z_54, 2)", "calcc(table_z.z_54, 3)", "calcc(table_z.z_54, 4)", "calcc(table_z.z_55, 1)", "calcc(table_z.z_55, 2)", "calcc(table_z.z_55, 3)", "calcc(table_z.z_55, 4)", "calcc(table_z.z_56, 1)", "calcc(table_z.z_56, 2)", "calcc(table_z.z_56, 3)", "calcc(table_z.z_56, 4)", "calcc(table_z.z_57, 1)", "calcc(table_z.z_57, 2)", "calcc(table_z.z_57, 3)", "calcc(table_z.z_57, 4)", "calcc(table_z.z_58, 1)", "calcc(table_z.z_58, 2)", "calcc(table_z.z_58, 3)", "calcc(table_z.z_58, 4)", "calcc(table_z.z_59, 1)", "calcc(table_z.z_59, 2)", "calcc(table_z.z_59, 3)", "calcc(table_z.z_59, 4)", "calcc(table_z.z_60, 1)", "calcc(table_z.z_60, 2)", "calcc(table_z.z_60, 3)", "calcc(table_z.z_60, 4)", "calcc(table_z.z_61, 1)", "calcc(table_z.z_61, 2)", "calcc(table_z.z_61, 3)", "calcc(table_z.z_61, 4)", "calcc(table_z.z_62, 1)", "calcc(table_z.z_62, 2)", "calcc(table_z.z_62, 3)", "calcc(table_z.z_62, 4)", "calcc(table_z.z_63, 1)", "calcc(table_z.z_63, 2)", "calcc(table_z.z_63, 3)", "calcc(table_z.z_63, 4)", "calcc(table_z.z_64, 1)", "calcc(table_z.z_64, 2)", "calcc(table_z.z_64, 3)", "calcc(table_z.z_64, 4)", "calcc(table_z.z_65, 1)", "calcc(table_z.z_65, 2)", "calcc(table_z.z_65, 3)", "calcc(table_z.z_65, 4)", "calcc(table_z.z_66, 1)", "calcc(table_z.z_66, 2)", "calcc(table_z.z_66, 3)", "calcc(table_z.z_66, 4)", "calcc(table_z.z_67, 1)", "calcc(table_z.z_67, 2)", "calcc(table_z.z_67, 3)", "calcc(table_z.z_67, 4)", "calcc(table_z.z_68, 1)", "calcc(table_z.z_68, 2)", "calcc(table_z.z_68, 3)", "calcc(table_z.z_68, 4)", "calcc(table_z.z_69, 1)", "calcc(table_z.z_69, 2)", "calcc(table_z.z_69, 3)", "calcc(table_z.z_69, 4)", "calcc(table_z.z_70, 1)", "calcc(table_z.z_70, 2)", "calcc(table_z.z_70, 3)", "calcc(table_z.z_70, 4)", "calcc(table_z.z_71, 1)", "calcc(table_z.z_71, 2)", "calcc(table_z.z_71, 3)", "calcc(table_z.z_71, 4)", "calcc(table_z.z_72, 1)", "calcc(table_z.z_72, 2)", "calcc(table_z.z_72, 3)", "calcc(table_z.z_72, 4)", "calcc(table_z.z_73, 1)", "calcc(table_z.z_73, 2)", "calcc(table_z.z_73, 3)", "calcc(table_z.z_73, 4)", "calcc(table_z.z_74, 1)", "calcc(table_z.z_74, 2)", "calcc(table_z.z_74, 3)", "calcc(table_z.z_74, 4)", "calcc(table_z.z_75, 1)", "calcc(table_z.z_75, 2)", "calcc(table_z.z_75, 3)", "calcc(table_z.z_75, 4)", "calcc(table_z.z_76, 1)", "calcc(table_z.z_76, 2)", "calcc(table_z.z_76, 3)", "calcc(table_z.z_76, 4)", "calcc(table_z.z_77, 1)", "calcc(table_z.z_77, 2)", "calcc(table_z.z_77, 3)", "calcc(table_z.z_77, 4)", "calcc(table_z.z_78, 1)", "calcc(table_z.z_78, 2)", "calcc(table_z.z_78, 3)", "calcc(table_z.z_78, 4)", "calcc(table_z.z_79, 1)", "calcc(table_z.z_79, 2)", "calcc(table_z.z_79, 3)", "calcc(table_z.z_79, 4)", "calcc(table_z.z_80, 1)", "calcc(table_z.z_80, 2)", "calcc(table_z.z_80, 3)", "calcc(table_z.z_80, 4)", "calcc(table_z.z_81, 1)", "calcc(table_z.z_81, 2)", "calcc(table_z.z_81, 3)", "calcc(table_z.z_81, 4)", "calcc(table_z.z_82, 1)", "calcc(table_z.z_82, 2)", "calcc(table_z.z_82, 3)", "calcc(table_z.z_82, 4)", "calcc(table_z.z_83, 1)", "calcc(table_z.z_83, 2)", "calcc(table_z.z_83, 3)", "calcc(table_z.z_83, 4)", "calcc(table_z.z_84, 1)", "calcc(table_z.z_84, 2)", "calcc(table_z.z_84, 3)", "calcc(table_z.z_84, 4)", "calcc(table_z.z_85, 1)", "calcc(table_z.z_85, 2)", "calcc(table_z.z_85, 3)", "calcc(table_z.z_85, 4)", "calcc(table_z.z_86, 1)", "calcc(table_z.z_86, 2)", "calcc(table_z.z_86, 3)", "calcc(table_z.z_86, 4)", "calcc(table_z.z_87, 1)", "calcc(table_z.z_87, 2)", "calcc(table_z.z_87, 3)", "calcc(table_z.z_87, 4)", "calcc(table_z.z_88, 1)", "calcc(table_z.z_88, 2)", "calcc(table_z.z_88, 3)", "calcc(table_z.z_88, 4)", "calcc(table_z.z_89, 1)", "calcc(table_z.z_89, 2)", "calcc(table_z.z_89, 3)", "calcc(table_z.z_89, 4)", "calcc(table_z.z_90, 1)", "calcc(table_z.z_90, 2)", "calcc(table_z.z_90, 3)", "calcc(table_z.z_90, 4)", "calcc(table_z.z_91, 1)", "calcc(table_z.z_91, 2)", "calcc(table_z.z_91, 3)", "calcc(table_z.z_91, 4)", "calcc(table_z.z_92, 1)", "calcc(table_z.z_92, 2)", "calcc(table_z.z_92, 3)", "calcc(table_z.z_92, 4)", "calcc(table_z.z_93, 1)", "calcc(table_z.z_93, 2)", "calcc(table_z.z_93, 3)", "calcc(table_z.z_93, 4)", "calcc(table_z.z_94, 1)", "calcc(table_z.z_94, 2)", "calcc(table_z.z_94, 3)", "calcc(table_z.z_94, 4)", "calcc(table_z.z_95, 1)", "calcc(table_z.z_95, 2)", "calcc(table_z.z_95, 3)", "calcc(table_z.z_95, 4)", "calcc(table_z.z_96, 1)", "calcc(table_z.z_96, 2)", "calcc(table_z.z_96, 3)", "calcc(table_z.z_96, 4)", "calcc(table_z.z_97, 1)", "calcc(table_z.z_97, 2)", "calcc(table_z.z_97, 3)", "calcc(table_z.z_97, 4)", "calcc(table_z.z_98, 1)", "calcc(table_z.z_98, 2)", "calcc(table_z.z_98, 3)", "calcc(table_z.z_98, 4)", "calcc(table_z.z_99, 1)", "calcc(table_z.z_99, 2)", "calcc(table_z.z_99, 3)", "calcc(table_z.z_99, 4)", "calcc(table_z.z_100, 1)", "calcc(table_z.z_100, 2)", "calcc(table_z.z_100, 3)", "calcc(table_z.z_100, 4)", "calcc(table_z.z_101, 1)", "calcc(table_z.z_101, 2)", "calcc(table_z.z_101, 3)", "calcc(table_z.z_101, 4)", "calcc(table_z.z_102, 1)", "calcc(table_z.z_102, 2)", "calcc(table_z.z_102, 3)", "calcc(table_z.z_102, 4)", "calcc(table_z.z_103, 1)", "calcc(table_z.z_103, 2)", "calcc(table_z.z_103, 3)", "calcc(table_z.z_103, 4)", "calcc(table_z.z_104, 1)", "calcc(table_z.z_104, 2)", "calcc(table_z.z_104, 3)", "calcc(table_z.z_104, 4)", "calcc(table_z.z_105, 1)", "calcc(table_z.z_105, 2)", "calcc(table_z.z_105, 3)", "calcc(table_z.z_105, 4)", "calcc(table_z.z_106, 1)", "calcc(table_z.z_106, 2)", "calcc(table_z.z_106, 3)", "calcc(table_z.z_106, 4)", "calcc(table_z.z_107, 1)", "calcc(table_z.z_107, 2)", "calcc(table_z.z_107, 3)", "calcc(table_z.z_107, 4)", "calcc(table_z.z_108, 1)", "calcc(table_z.z_108, 2)", "calcc(table_z.z_108, 3)", "calcc(table_z.z_108, 4)", "calcc(table_z.z_109, 1)", "calcc(table_z.z_109, 2)", "calcc(table_z.z_109, 3)", "calcc(table_z.z_109, 4)", "calcc(table_z.z_110, 1)", "calcc(table_z.z_110, 2)", "calcc(table_z.z_110, 3)", "calcc(table_z.z_110, 4)", "calcc(table_z.z_111, 1)", "calcc(table_z.z_111, 2)", "calcc(table_z.z_111, 3)", "calcc(table_z.z_111, 4)", "calcc(table_z.z_112, 1)", "calcc(table_z.z_112, 2)", "calcc(table_z.z_112, 3)", "calcc(table_z.z_112, 4)", "calcc(table_z.z_113, 1)", "calcc(table_z.z_113, 2)", "calcc(table_z.z_113, 3)", "calcc(table_z.z_113, 4)", "calcc(table_z.z_114, 1)", "calcc(table_z.z_114, 2)", "calcc(table_z.z_114, 3)", "calcc(table_z.z_114, 4)", "calcc(table_z.z_115, 1)", "calcc(table_z.z_115, 2)", "calcc(table_z.z_115, 3)", "calcc(table_z.z_115, 4)", "calcc(table_z.z_116, 1)", "calcc(table_z.z_116, 2)", "calcc(table_z.z_116, 3)", "calcc(table_z.z_116, 4)", "calcc(table_z.z_117, 1)", "calcc(table_z.z_117, 2)", "calcc(table_z.z_117, 3)", "calcc(table_z.z_117, 4)", "calcc(table_z.z_118, 1)", "calcc(table_z.z_118, 2)", "calcc(table_z.z_118, 3)", "calcc(table_z.z_118, 4)", "calcc(table_z.z_119, 1)", "calcc(table_z.z_119, 2)", "calcc(table_z.z_119, 3)", "calcc(table_z.z_119, 4)", "calcc(table_z.z_120, 1)", "calcc(table_z.z_120, 2)", "calcc(table_z.z_120, 3)", "calcc(table_z.z_120, 4)", "calcc(table_z.z_121, 1)", "calcc(table_z.z_121, 2)", "calcc(table_z.z_121, 3)", "calcc(table_z.z_121, 4)", "calcc(table_z.z_122, 1)", "calcc(table_z.z_122, 2)", "calcc(table_z.z_122, 3)", "calcc(table_z.z_122, 4)", "calcc(table_z.z_123, 1)", "calcc(table_z.z_123, 2)", "calcc(table_z.z_123, 3)", "calcc(table_z.z_123, 4)", "calcc(table_z.z_124, 1)", "calcc(table_z.z_124, 2)", "calcc(table_z.z_124, 3)", "calcc(table_z.z_124, 4)", "calcc(table_z.z_125, 1)", "calcc(table_z.z_125, 2)", "calcc(table_z.z_125, 3)", "calcc(table_z.z_125, 4)", "calcc(table_z.z_126, 1)", "calcc(table_z.z_126, 2)", "calcc(table_z.z_126, 3)", "calcc(table_z.z_126, 4)", "calcc(table_z.z_127, 1)", "calcc(table_z.z_127, 2)", "calcc(table_z.z_127, 3)", "calcc(table_z.z_127, 4)", "calcc(table_z.z_128, 1)", "calcc(table_z.z_128, 2)", "calcc(table_z.z_128, 3)", "calcc(table_z.z_128, 4)", "calcc(table_z.z_129, 1)", "calcc(table_z.z_129, 2)", "calcc(table_z.z_129, 3)", "calcc(table_z.z_129, 4)", "calcc(table_z.z_130, 1)", "calcc(table_z.z_130, 2)", "calcc(table_z.z_130, 3)", "calcc(table_z.z_130, 4)", "calcc(table_z.z_131, 1)", "calcc(table_z.z_131, 2)", "calcc(table_z.z_131, 3)", "calcc(table_z.z_131, 4)", "calcc(table_z.z_132, 1)", "calcc(table_z.z_132, 2)", "calcc(table_z.z_132, 3)", "calcc(table_z.z_132, 4)", "calcc(table_z.z_133, 1)", "calcc(table_z.z_133, 2)", "calcc(table_z.z_133, 3)", "calcc(table_z.z_133, 4)", "calcc(table_z.z_134, 1)", "calcc(table_z.z_134, 2)", "calcc(table_z.z_134, 3)", "calcc(table_z.z_134, 4)", "calcc(table_z.z_135, 1)", "calcc(table_z.z_135, 2)", "calcc(table_z.z_135, 3)", "calcc(table_z.z_135, 4)", "calcc(table_z.z_136, 1)", "calcc(table_z.z_136, 2)", "calcc(table_z.z_136, 3)", "calcc(table_z.z_136, 4)", "calcc(table_z.z_137, 1)", "calcc(table_z.z_137, 2)", "calcc(table_z.z_137, 3)", "calcc(table_z.z_137, 4)", "calcc(table_z.z_138, 1)", "calcc(table_z.z_138, 2)", "calcc(table_z.z_138, 3)", "calcc(table_z.z_138, 4)", "calcc(table_z.z_139, 1)", "calcc(table_z.z_139, 2)", "calcc(table_z.z_139, 3)", "calcc(table_z.z_139, 4)", "calcc(table_z.z_140, 1)", "calcc(table_z.z_140, 2)", "calcc(table_z.z_140, 3)", "calcc(table_z.z_140, 4)", "calcc(table_z.z_141, 1)", "calcc(table_z.z_141, 2)", "calcc(table_z.z_141, 3)", "calcc(table_z.z_141, 4)", "calcc(table_z.z_142, 1)", "calcc(table_z.z_142, 2)", "calcc(table_z.z_142, 3)", "calcc(table_z.z_142, 4)", "calcc(table_z.z_143, 1)", "calcc(table_z.z_143, 2)", "calcc(table_z.z_143, 3)", "calcc(table_z.z_143, 4)", "calcc(table_z.z_144, 1)", "calcc(table_z.z_144, 2)", "calcc(table_z.z_144, 3)", "calcc(table_z.z_144, 4)", "calcc(table_z.z_145, 1)", "calcc(table_z.z_145, 2)", "calcc(table_z.z_145, 3)", "calcc(table_z.z_145, 4)", "calcc(table_z.z_146, 1)", "calcc(table_z.z_146, 2)", "calcc(table_z.z_146, 3)", "calcc(table_z.z_146, 4)", "calcc(table_z.z_147, 1)", "calcc(table_z.z_147, 2)", "calcc(table_z.z_147, 3)", "calcc(table_z.z_147, 4)", "calcc(table_z.z_148, 1)", "calcc(table_z.z_148, 2)", "calcc(table_z.z_148, 3)", "calcc(table_z.z_148, 4)", "calcc(table_z.z_149, 1)", "calcc(table_z.z_149, 2)", "calcc(table_z.z_149, 3)", "calcc(table_z.z_149, 4)"],
                    "Shared Hit Blocks": 834,
                    "Shared Read Blocks": 0,
                    "Shared Dirtied Blocks": 0,
                    "Shared Written Blocks": 0,
                    "Local Hit Blocks": 0,
                    "Local Read Blocks": 0,
                    "Local Dirtied Blocks": 0,
                    "Local Written Blocks": 0,
                    "Temp Read Blocks": 0,
                    "Temp Written Blocks": 0,
                    "I/O Read Time": 0.000,
                    "I/O Write Time": 0.000
                  },
                  {
                    "Node Type": "Hash",
                    "Parent Relationship": "Inner",
                    "Startup Cost": 100304.00,
                    "Total Cost": 100304.00,
                    "Plan Rows": 10000,
                    "Plan Width": 12,
                    "Actual Startup Time": 3182.197,
                    "Actual Total Time": 3182.197,
                    "Actual Rows": 10000,
                    "Actual Loops": 1,
                    "Output": ["table_x_view.org_id", "table_x_view.x_0_alpha"],
                    "Hash Buckets": 16384,
                    "Original Hash Buckets": 16384,
                    "Hash Batches": 1,
                    "Original Hash Batches": 1,
                    "Peak Memory Usage": 593,
                    "Shared Hit Blocks": 104,
                    "Shared Read Blocks": 0,
                    "Shared Dirtied Blocks": 0,
                    "Shared Written Blocks": 0,
                    "Local Hit Blocks": 0,
                    "Local Read Blocks": 0,
                    "Local Dirtied Blocks": 0,
                    "Local Written Blocks": 0,
                    "Temp Read Blocks": 0,
                    "Temp Written Blocks": 0,
                    "I/O Read Time": 0.000,
                    "I/O Write Time": 0.000,
                    "Plans": [
                      {
                        "Node Type": "Subquery Scan",
                        "Parent Relationship": "Outer",
                        "Alias": "table_x_view",
                        "Startup Cost": 0.00,
                        "Total Cost": 100304.00,
                        "Plan Rows": 10000,
                        "Plan Width": 12,
                        "Actual Startup Time": 0.459,
                        "Actual Total Time": 3161.354,
                        "Actual Rows": 10000,
                        "Actual Loops": 1,
                        "Output": ["table_x_view.org_id", "table_x_view.x_0_alpha"],
                        "Shared Hit Blocks": 104,
                        "Shared Read Blocks": 0,
                        "Shared Dirtied Blocks": 0,
                        "Shared Written Blocks": 0,
                        "Local Hit Blocks": 0,
                        "Local Read Blocks": 0,
                        "Local Dirtied Blocks": 0,
                        "Local Written Blocks": 0,
                        "Temp Read Blocks": 0,
                        "Temp Written Blocks": 0,
                        "I/O Read Time": 0.000,
                        "I/O Write Time": 0.000,
                        "Plans": [
                          {
                            "Node Type": "Seq Scan",
                            "Parent Relationship": "Subquery",
                            "Relation Name": "table_x",
                            "Schema": "public",
                            "Alias": "table_x",
                            "Startup Cost": 0.00,
                            "Total Cost": 100204.00,
                            "Plan Rows": 10000,
                            "Plan Width": 48,
                            "Actual Startup Time": 0.455,
                            "Actual Total Time": 3143.004,
                            "Actual Rows": 10000,
                            "Actual Loops": 1,
                            "Output": ["table_x.org_id", "calca(table_x.x_0, 1)", "calca(table_x.x_0, 2)", "calca(table_x.x_0, 3)", "calca(table_x.x_0, 4)", "calca(table_x.x_1, 1)", "calca(table_x.x_1, 2)", "calca(table_x.x_1, 3)", "calca(table_x.x_1, 4)", "calca(table_x.x_2, 1)", "calca(table_x.x_2, 2)", "calca(table_x.x_2, 3)", "calca(table_x.x_2, 4)", "calca(table_x.x_3, 1)", "calca(table_x.x_3, 2)", "calca(table_x.x_3, 3)", "calca(table_x.x_3, 4)", "calca(table_x.x_4, 1)", "calca(table_x.x_4, 2)", "calca(table_x.x_4, 3)", "calca(table_x.x_4, 4)", "calca(table_x.x_5, 1)", "calca(table_x.x_5, 2)", "calca(table_x.x_5, 3)", "calca(table_x.x_5, 4)", "calca(table_x.x_6, 1)", "calca(table_x.x_6, 2)", "calca(table_x.x_6, 3)", "calca(table_x.x_6, 4)", "calca(table_x.x_7, 1)", "calca(table_x.x_7, 2)", "calca(table_x.x_7, 3)", "calca(table_x.x_7, 4)", "calca(table_x.x_8, 1)", "calca(table_x.x_8, 2)", "calca(table_x.x_8, 3)", "calca(table_x.x_8, 4)", "calca(table_x.x_9, 1)", "calca(table_x.x_9, 2)", "calca(table_x.x_9, 3)", "calca(table_x.x_9, 4)"],
                            "Shared Hit Blocks": 104,
                            "Shared Read Blocks": 0,
                            "Shared Dirtied Blocks": 0,
                            "Shared Written Blocks": 0,
                            "Local Hit Blocks": 0,
                            "Local Read Blocks": 0,
                            "Local Dirtied Blocks": 0,
                            "Local Written Blocks": 0,
                            "Temp Read Blocks": 0,
                            "Temp Written Blocks": 0,
                            "I/O Read Time": 0.000,
                            "I/O Write Time": 0.000
                          }
                        ]
                      }
                    ]
                  }
                ]
              },
              {
                "Node Type": "Hash",
                "Parent Relationship": "Inner",
                "Startup Cost": 500504.00,
                "Total Cost": 500504.00,
                "Plan Rows": 10000,
                "Plan Width": 12,
                "Actual Startup Time": 15896.492,
                "Actual Total Time": 15896.492,
                "Actual Rows": 10000,
                "Actual Loops": 1,
                "Output": ["table_y_view.y_10_beta", "table_y_view.org_id"],
                "Hash Buckets": 16384,
                "Original Hash Buckets": 16384,
                "Hash Batches": 1,
                "Original Hash Batches": 1,
                "Peak Memory Usage": 567,
                "Shared Hit Blocks": 304,
                "Shared Read Blocks": 0,
                "Shared Dirtied Blocks": 0,
                "Shared Written Blocks": 0,
                "Local Hit Blocks": 0,
                "Local Read Blocks": 0,
                "Local Dirtied Blocks": 0,
                "Local Written Blocks": 0,
                "Temp Read Blocks": 0,
                "Temp Written Blocks": 0,
                "I/O Read Time": 0.000,
                "I/O Write Time": 0.000,
                "Plans": [
                  {
                    "Node Type": "Subquery Scan",
                    "Parent Relationship": "Outer",
                    "Alias": "table_y_view",
                    "Startup Cost": 0.00,
                    "Total Cost": 500504.00,
                    "Plan Rows": 10000,
                    "Plan Width": 12,
                    "Actual Startup Time": 2.355,
                    "Actual Total Time": 15826.756,
                    "Actual Rows": 10000,
                    "Actual Loops": 1,
                    "Output": ["table_y_view.y_10_beta", "table_y_view.org_id"],
                    "Shared Hit Blocks": 304,
                    "Shared Read Blocks": 0,
                    "Shared Dirtied Blocks": 0,
                    "Shared Written Blocks": 0,
                    "Local Hit Blocks": 0,
                    "Local Read Blocks": 0,
                    "Local Dirtied Blocks": 0,
                    "Local Written Blocks": 0,
                    "Temp Read Blocks": 0,
                    "Temp Written Blocks": 0,
                    "I/O Read Time": 0.000,
                    "I/O Write Time": 0.000,
                    "Plans": [
                      {
                        "Node Type": "Seq Scan",
                        "Parent Relationship": "Subquery",
                        "Relation Name": "table_y",
                        "Schema": "public",
                        "Alias": "table_y",
                        "Startup Cost": 0.00,
                        "Total Cost": 500404.00,
                        "Plan Rows": 10000,
                        "Plan Width": 208,
                        "Actual Startup Time": 2.345,
                        "Actual Total Time": 15746.899,
                        "Actual Rows": 10000,
                        "Actual Loops": 1,
                        "Output": ["table_y.org_id", "calcb(table_y.y_0, 1)", "calcb(table_y.y_0, 2)", "calcb(table_y.y_0, 3)", "calcb(table_y.y_0, 4)", "calcb(table_y.y_1, 1)", "calcb(table_y.y_1, 2)", "calcb(table_y.y_1, 3)", "calcb(table_y.y_1, 4)", "calcb(table_y.y_2, 1)", "calcb(table_y.y_2, 2)", "calcb(table_y.y_2, 3)", "calcb(table_y.y_2, 4)", "calcb(table_y.y_3, 1)", "calcb(table_y.y_3, 2)", "calcb(table_y.y_3, 3)", "calcb(table_y.y_3, 4)", "calcb(table_y.y_4, 1)", "calcb(table_y.y_4, 2)", "calcb(table_y.y_4, 3)", "calcb(table_y.y_4, 4)", "calcb(table_y.y_5, 1)", "calcb(table_y.y_5, 2)", "calcb(table_y.y_5, 3)", "calcb(table_y.y_5, 4)", "calcb(table_y.y_6, 1)", "calcb(table_y.y_6, 2)", "calcb(table_y.y_6, 3)", "calcb(table_y.y_6, 4)", "calcb(table_y.y_7, 1)", "calcb(table_y.y_7, 2)", "calcb(table_y.y_7, 3)", "calcb(table_y.y_7, 4)", "calcb(table_y.y_8, 1)", "calcb(table_y.y_8, 2)", "calcb(table_y.y_8, 3)", "calcb(table_y.y_8, 4)", "calcb(table_y.y_9, 1)", "calcb(table_y.y_9, 2)", "calcb(table_y.y_9, 3)", "calcb(table_y.y_9, 4)", "calcb(table_y.y_10, 1)", "calcb(table_y.y_10, 2)", "calcb(table_y.y_10, 3)", "calcb(table_y.y_10, 4)", "calcb(table_y.y_11, 1)", "calcb(table_y.y_11, 2)", "calcb(table_y.y_11, 3)", "calcb(table_y.y_11, 4)", "calcb(table_y.y_12, 1)", "calcb(table_y.y_12, 2)", "calcb(table_y.y_12, 3)", "calcb(table_y.y_12, 4)", "calcb(table_y.y_13, 1)", "calcb(table_y.y_13, 2)", "calcb(table_y.y_13, 3)", "calcb(table_y.y_13, 4)", "calcb(table_y.y_14, 1)", "calcb(table_y.y_14, 2)", "calcb(table_y.y_14, 3)", "calcb(table_y.y_14, 4)", "calcb(table_y.y_15, 1)", "calcb(table_y.y_15, 2)", "calcb(table_y.y_15, 3)", "calcb(table_y.y_15, 4)", "calcb(table_y.y_16, 1)", "calcb(table_y.y_16, 2)", "calcb(table_y.y_16, 3)", "calcb(table_y.y_16, 4)", "calcb(table_y.y_17, 1)", "calcb(table_y.y_17, 2)", "calcb(table_y.y_17, 3)", "calcb(table_y.y_17, 4)", "calcb(table_y.y_18, 1)", "calcb(table_y.y_18, 2)", "calcb(table_y.y_18, 3)", "calcb(table_y.y_18, 4)", "calcb(table_y.y_19, 1)", "calcb(table_y.y_19, 2)", "calcb(table_y.y_19, 3)", "calcb(table_y.y_19, 4)", "calcb(table_y.y_20, 1)", "calcb(table_y.y_20, 2)", "calcb(table_y.y_20, 3)", "calcb(table_y.y_20, 4)", "calcb(table_y.y_21, 1)", "calcb(table_y.y_21, 2)", "calcb(table_y.y_21, 3)", "calcb(table_y.y_21, 4)", "calcb(table_y.y_22, 1)", "calcb(table_y.y_22, 2)", "calcb(table_y.y_22, 3)", "calcb(table_y.y_22, 4)", "calcb(table_y.y_23, 1)", "calcb(table_y.y_23, 2)", "calcb(table_y.y_23, 3)", "calcb(table_y.y_23, 4)", "calcb(table_y.y_24, 1)", "calcb(table_y.y_24, 2)", "calcb(table_y.y_24, 3)", "calcb(table_y.y_24, 4)", "calcb(table_y.y_25, 1)", "calcb(table_y.y_25, 2)", "calcb(table_y.y_25, 3)", "calcb(table_y.y_25, 4)", "calcb(table_y.y_26, 1)", "calcb(table_y.y_26, 2)", "calcb(table_y.y_26, 3)", "calcb(table_y.y_26, 4)", "calcb(table_y.y_27, 1)", "calcb(table_y.y_27, 2)", "calcb(table_y.y_27, 3)", "calcb(table_y.y_27, 4)", "calcb(table_y.y_28, 1)", "calcb(table_y.y_28, 2)", "calcb(table_y.y_28, 3)", "calcb(table_y.y_28, 4)", "calcb(table_y.y_29, 1)", "calcb(table_y.y_29, 2)", "calcb(table_y.y_29, 3)", "calcb(table_y.y_29, 4)", "calcb(table_y.y_30, 1)", "calcb(table_y.y_30, 2)", "calcb(table_y.y_30, 3)", "calcb(table_y.y_30, 4)", "calcb(table_y.y_31, 1)", "calcb(table_y.y_31, 2)", "calcb(table_y.y_31, 3)", "calcb(table_y.y_31, 4)", "calcb(table_y.y_32, 1)", "calcb(table_y.y_32, 2)", "calcb(table_y.y_32, 3)", "calcb(table_y.y_32, 4)", "calcb(table_y.y_33, 1)", "calcb(table_y.y_33, 2)", "calcb(table_y.y_33, 3)", "calcb(table_y.y_33, 4)", "calcb(table_y.y_34, 1)", "calcb(table_y.y_34, 2)", "calcb(table_y.y_34, 3)", "calcb(table_y.y_34, 4)", "calcb(table_y.y_35, 1)", "calcb(table_y.y_35, 2)", "calcb(table_y.y_35, 3)", "calcb(table_y.y_35, 4)", "calcb(table_y.y_36, 1)", "calcb(table_y.y_36, 2)", "calcb(table_y.y_36, 3)", "calcb(table_y.y_36, 4)", "calcb(table_y.y_37, 1)", "calcb(table_y.y_37, 2)", "calcb(table_y.y_37, 3)", "calcb(table_y.y_37, 4)", "calcb(table_y.y_38, 1)", "calcb(table_y.y_38, 2)", "calcb(table_y.y_38, 3)", "calcb(table_y.y_38, 4)", "calcb(table_y.y_39, 1)", "calcb(table_y.y_39, 2)", "calcb(table_y.y_39, 3)", "calcb(table_y.y_39, 4)", "calcb(table_y.y_40, 1)", "calcb(table_y.y_40, 2)", "calcb(table_y.y_40, 3)", "calcb(table_y.y_40, 4)", "calcb(table_y.y_41, 1)", "calcb(table_y.y_41, 2)", "calcb(table_y.y_41, 3)", "calcb(table_y.y_41, 4)", "calcb(table_y.y_42, 1)", "calcb(table_y.y_42, 2)", "calcb(table_y.y_42, 3)", "calcb(table_y.y_42, 4)", "calcb(table_y.y_43, 1)", "calcb(table_y.y_43, 2)", "calcb(table_y.y_43, 3)", "calcb(table_y.y_43, 4)", "calcb(table_y.y_44, 1)", "calcb(table_y.y_44, 2)", "calcb(table_y.y_44, 3)", "calcb(table_y.y_44, 4)", "calcb(table_y.y_45, 1)", "calcb(table_y.y_45, 2)", "calcb(table_y.y_45, 3)", "calcb(table_y.y_45, 4)", "calcb(table_y.y_46, 1)", "calcb(table_y.y_46, 2)", "calcb(table_y.y_46, 3)", "calcb(table_y.y_46, 4)", "calcb(table_y.y_47, 1)", "calcb(table_y.y_47, 2)", "calcb(table_y.y_47, 3)", "calcb(table_y.y_47, 4)", "calcb(table_y.y_48, 1)", "calcb(table_y.y_48, 2)", "calcb(table_y.y_48, 3)", "calcb(table_y.y_48, 4)", "calcb(table_y.y_49, 1)", "calcb(table_y.y_49, 2)", "calcb(table_y.y_49, 3)", "calcb(table_y.y_49, 4)"],
                        "Shared Hit Blocks": 304,
                        "Shared Read Blocks": 0,
                        "Shared Dirtied Blocks": 0,
                        "Shared Written Blocks": 0,
                        "Local Hit Blocks": 0,
                        "Local Read Blocks": 0,
                        "Local Dirtied Blocks": 0,
                        "Local Written Blocks": 0,
                        "Temp Read Blocks": 0,
                        "Temp Written Blocks": 0,
                        "I/O Read Time": 0.000,
                        "I/O Write Time": 0.000
                      }
                    ]
                  }
                ]
              }
            ]
          },
          {
            "Node Type": "Hash",
            "Parent Relationship": "Inner",
            "Startup Cost": 1501034.00,
            "Total Cost": 1501034.00,
            "Plan Rows": 10000,
            "Plan Width": 12,
            "Actual Startup Time": 55549.292,
            "Actual Total Time": 55549.292,
            "Actual Rows": 10000,
            "Actual Loops": 1,
            "Output": ["table_w_view.w_120_delta", "table_w_view.org_id"],
            "Hash Buckets": 16384,
            "Original Hash Buckets": 16384,
            "Hash Batches": 1,
            "Original Hash Batches": 1,
            "Peak Memory Usage": 567,
            "Shared Hit Blocks": 834,
            "Shared Read Blocks": 0,
            "Shared Dirtied Blocks": 0,
            "Shared Written Blocks": 0,
            "Local Hit Blocks": 0,
            "Local Read Blocks": 0,
            "Local Dirtied Blocks": 0,
            "Local Written Blocks": 0,
            "Temp Read Blocks": 0,
            "Temp Written Blocks": 0,
            "I/O Read Time": 0.000,
            "I/O Write Time": 0.000,
            "Plans": [
              {
                "Node Type": "Subquery Scan",
                "Parent Relationship": "Outer",
                "Alias": "table_w_view",
                "Startup Cost": 0.00,
                "Total Cost": 1501034.00,
                "Plan Rows": 10000,
                "Plan Width": 12,
                "Actual Startup Time": 6.926,
                "Actual Total Time": 55428.721,
                "Actual Rows": 10000,
                "Actual Loops": 1,
                "Output": ["table_w_view.w_120_delta", "table_w_view.org_id"],
                "Shared Hit Blocks": 834,
                "Shared Read Blocks": 0,
                "Shared Dirtied Blocks": 0,
                "Shared Written Blocks": 0,
                "Local Hit Blocks": 0,
                "Local Read Blocks": 0,
                "Local Dirtied Blocks": 0,
                "Local Written Blocks": 0,
                "Temp Read Blocks": 0,
                "Temp Written Blocks": 0,
                "I/O Read Time": 0.000,
                "I/O Write Time": 0.000,
                "Plans": [
                  {
                    "Node Type": "Seq Scan",
                    "Parent Relationship": "Subquery",
                    "Relation Name": "table_w",
                    "Schema": "public",
                    "Alias": "table_w",
                    "Startup Cost": 0.00,
                    "Total Cost": 1500934.00,
                    "Plan Rows": 10000,
                    "Plan Width": 608,
                    "Actual Startup Time": 6.898,
                    "Actual Total Time": 55080.439,
                    "Actual Rows": 10000,
                    "Actual Loops": 1,
                    "Output": ["table_w.org_id", "calcc(table_w.w_0, 1)", "calcc(table_w.w_0, 2)", "calcc(table_w.w_0, 3)", "calcc(table_w.w_0, 4)", "calcc(table_w.w_1, 1)", "calcc(table_w.w_1, 2)", "calcc(table_w.w_1, 3)", "calcc(table_w.w_1, 4)", "calcc(table_w.w_2, 1)", "calcc(table_w.w_2, 2)", "calcc(table_w.w_2, 3)", "calcc(table_w.w_2, 4)", "calcc(table_w.w_3, 1)", "calcc(table_w.w_3, 2)", "calcc(table_w.w_3, 3)", "calcc(table_w.w_3, 4)", "calcc(table_w.w_4, 1)", "calcc(table_w.w_4, 2)", "calcc(table_w.w_4, 3)", "calcc(table_w.w_4, 4)", "calcc(table_w.w_5, 1)", "calcc(table_w.w_5, 2)", "calcc(table_w.w_5, 3)", "calcc(table_w.w_5, 4)", "calcc(table_w.w_6, 1)", "calcc(table_w.w_6, 2)", "calcc(table_w.w_6, 3)", "calcc(table_w.w_6, 4)", "calcc(table_w.w_7, 1)", "calcc(table_w.w_7, 2)", "calcc(table_w.w_7, 3)", "calcc(table_w.w_7, 4)", "calcc(table_w.w_8, 1)", "calcc(table_w.w_8, 2)", "calcc(table_w.w_8, 3)", "calcc(table_w.w_8, 4)", "calcc(table_w.w_9, 1)", "calcc(table_w.w_9, 2)", "calcc(table_w.w_9, 3)", "calcc(table_w.w_9, 4)", "calcc(table_w.w_10, 1)", "calcc(table_w.w_10, 2)", "calcc(table_w.w_10, 3)", "calcc(table_w.w_10, 4)", "calcc(table_w.w_11, 1)", "calcc(table_w.w_11, 2)", "calcc(table_w.w_11, 3)", "calcc(table_w.w_11, 4)", "calcc(table_w.w_12, 1)", "calcc(table_w.w_12, 2)", "calcc(table_w.w_12, 3)", "calcc(table_w.w_12, 4)", "calcc(table_w.w_13, 1)", "calcc(table_w.w_13, 2)", "calcc(table_w.w_13, 3)", "calcc(table_w.w_13, 4)", "calcc(table_w.w_14, 1)", "calcc(table_w.w_14, 2)", "calcc(table_w.w_14, 3)", "calcc(table_w.w_14, 4)", "calcc(table_w.w_15, 1)", "calcc(table_w.w_15, 2)", "calcc(table_w.w_15, 3)", "calcc(table_w.w_15, 4)", "calcc(table_w.w_16, 1)", "calcc(table_w.w_16, 2)", "calcc(table_w.w_16, 3)", "calcc(table_w.w_16, 4)", "calcc(table_w.w_17, 1)", "calcc(table_w.w_17, 2)", "calcc(table_w.w_17, 3)", "calcc(table_w.w_17, 4)", "calcc(table_w.w_18, 1)", "calcc(table_w.w_18, 2)", "calcc(table_w.w_18, 3)", "calcc(table_w.w_18, 4)", "calcc(table_w.w_19, 1)", "calcc(table_w.w_19, 2)", "calcc(table_w.w_19, 3)", "calcc(table_w.w_19, 4)", "calcc(table_w.w_20, 1)", "calcc(table_w.w_20, 2)", "calcc(table_w.w_20, 3)", "calcc(table_w.w_20, 4)", "calcc(table_w.w_21, 1)", "calcc(table_w.w_21, 2)", "calcc(table_w.w_21, 3)", "calcc(table_w.w_21, 4)", "calcc(table_w.w_22, 1)", "calcc(table_w.w_22, 2)", "calcc(table_w.w_22, 3)", "calcc(table_w.w_22, 4)", "calcc(table_w.w_23, 1)", "calcc(table_w.w_23, 2)", "calcc(table_w.w_23, 3)", "calcc(table_w.w_23, 4)", "calcc(table_w.w_24, 1)", "calcc(table_w.w_24, 2)", "calcc(table_w.w_24, 3)", "calcc(table_w.w_24, 4)", "calcc(table_w.w_25, 1)", "calcc(table_w.w_25, 2)", "calcc(table_w.w_25, 3)", "calcc(table_w.w_25, 4)", "calcc(table_w.w_26, 1)", "calcc(table_w.w_26, 2)", "calcc(table_w.w_26, 3)", "calcc(table_w.w_26, 4)", "calcc(table_w.w_27, 1)", "calcc(table_w.w_27, 2)", "calcc(table_w.w_27, 3)", "calcc(table_w.w_27, 4)", "calcc(table_w.w_28, 1)", "calcc(table_w.w_28, 2)", "calcc(table_w.w_28, 3)", "calcc(table_w.w_28, 4)", "calcc(table_w.w_29, 1)", "calcc(table_w.w_29, 2)", "calcc(table_w.w_29, 3)", "calcc(table_w.w_29, 4)", "calcc(table_w.w_30, 1)", "calcc(table_w.w_30, 2)", "calcc(table_w.w_30, 3)", "calcc(table_w.w_30, 4)", "calcc(table_w.w_31, 1)", "calcc(table_w.w_31, 2)", "calcc(table_w.w_31, 3)", "calcc(table_w.w_31, 4)", "calcc(table_w.w_32, 1)", "calcc(table_w.w_32, 2)", "calcc(table_w.w_32, 3)", "calcc(table_w.w_32, 4)", "calcc(table_w.w_33, 1)", "calcc(table_w.w_33, 2)", "calcc(table_w.w_33, 3)", "calcc(table_w.w_33, 4)", "calcc(table_w.w_34, 1)", "calcc(table_w.w_34, 2)", "calcc(table_w.w_34, 3)", "calcc(table_w.w_34, 4)", "calcc(table_w.w_35, 1)", "calcc(table_w.w_35, 2)", "calcc(table_w.w_35, 3)", "calcc(table_w.w_35, 4)", "calcc(table_w.w_36, 1)", "calcc(table_w.w_36, 2)", "calcc(table_w.w_36, 3)", "calcc(table_w.w_36, 4)", "calcc(table_w.w_37, 1)", "calcc(table_w.w_37, 2)", "calcc(table_w.w_37, 3)", "calcc(table_w.w_37, 4)", "calcc(table_w.w_38, 1)", "calcc(table_w.w_38, 2)", "calcc(table_w.w_38, 3)", "calcc(table_w.w_38, 4)", "calcc(table_w.w_39, 1)", "calcc(table_w.w_39, 2)", "calcc(table_w.w_39, 3)", "calcc(table_w.w_39, 4)", "calcc(table_w.w_40, 1)", "calcc(table_w.w_40, 2)", "calcc(table_w.w_40, 3)", "calcc(table_w.w_40, 4)", "calcc(table_w.w_41, 1)", "calcc(table_w.w_41, 2)", "calcc(table_w.w_41, 3)", "calcc(table_w.w_41, 4)", "calcc(table_w.w_42, 1)", "calcc(table_w.w_42, 2)", "calcc(table_w.w_42, 3)", "calcc(table_w.w_42, 4)", "calcc(table_w.w_43, 1)", "calcc(table_w.w_43, 2)", "calcc(table_w.w_43, 3)", "calcc(table_w.w_43, 4)", "calcc(table_w.w_44, 1)", "calcc(table_w.w_44, 2)", "calcc(table_w.w_44, 3)", "calcc(table_w.w_44, 4)", "calcc(table_w.w_45, 1)", "calcc(table_w.w_45, 2)", "calcc(table_w.w_45, 3)", "calcc(table_w.w_45, 4)", "calcc(table_w.w_46, 1)", "calcc(table_w.w_46, 2)", "calcc(table_w.w_46, 3)", "calcc(table_w.w_46, 4)", "calcc(table_w.w_47, 1)", "calcc(table_w.w_47, 2)", "calcc(table_w.w_47, 3)", "calcc(table_w.w_47, 4)", "calcc(table_w.w_48, 1)", "calcc(table_w.w_48, 2)", "calcc(table_w.w_48, 3)", "calcc(table_w.w_48, 4)", "calcc(table_w.w_49, 1)", "calcc(table_w.w_49, 2)", "calcc(table_w.w_49, 3)", "calcc(table_w.w_49, 4)", "calcc(table_w.w_50, 1)", "calcc(table_w.w_50, 2)", "calcc(table_w.w_50, 3)", "calcc(table_w.w_50, 4)", "calcc(table_w.w_51, 1)", "calcc(table_w.w_51, 2)", "calcc(table_w.w_51, 3)", "calcc(table_w.w_51, 4)", "calcc(table_w.w_52, 1)", "calcc(table_w.w_52, 2)", "calcc(table_w.w_52, 3)", "calcc(table_w.w_52, 4)", "calcc(table_w.w_53, 1)", "calcc(table_w.w_53, 2)", "calcc(table_w.w_53, 3)", "calcc(table_w.w_53, 4)", "calcc(table_w.w_54, 1)", "calcc(table_w.w_54, 2)", "calcc(table_w.w_54, 3)", "calcc(table_w.w_54, 4)", "calcc(table_w.w_55, 1)", "calcc(table_w.w_55, 2)", "calcc(table_w.w_55, 3)", "calcc(table_w.w_55, 4)", "calcc(table_w.w_56, 1)", "calcc(table_w.w_56, 2)", "calcc(table_w.w_56, 3)", "calcc(table_w.w_56, 4)", "calcc(table_w.w_57, 1)", "calcc(table_w.w_57, 2)", "calcc(table_w.w_57, 3)", "calcc(table_w.w_57, 4)", "calcc(table_w.w_58, 1)", "calcc(table_w.w_58, 2)", "calcc(table_w.w_58, 3)", "calcc(table_w.w_58, 4)", "calcc(table_w.w_59, 1)", "calcc(table_w.w_59, 2)", "calcc(table_w.w_59, 3)", "calcc(table_w.w_59, 4)", "calcc(table_w.w_60, 1)", "calcc(table_w.w_60, 2)", "calcc(table_w.w_60, 3)", "calcc(table_w.w_60, 4)", "calcc(table_w.w_61, 1)", "calcc(table_w.w_61, 2)", "calcc(table_w.w_61, 3)", "calcc(table_w.w_61, 4)", "calcc(table_w.w_62, 1)", "calcc(table_w.w_62, 2)", "calcc(table_w.w_62, 3)", "calcc(table_w.w_62, 4)", "calcc(table_w.w_63, 1)", "calcc(table_w.w_63, 2)", "calcc(table_w.w_63, 3)", "calcc(table_w.w_63, 4)", "calcc(table_w.w_64, 1)", "calcc(table_w.w_64, 2)", "calcc(table_w.w_64, 3)", "calcc(table_w.w_64, 4)", "calcc(table_w.w_65, 1)", "calcc(table_w.w_65, 2)", "calcc(table_w.w_65, 3)", "calcc(table_w.w_65, 4)", "calcc(table_w.w_66, 1)", "calcc(table_w.w_66, 2)", "calcc(table_w.w_66, 3)", "calcc(table_w.w_66, 4)", "calcc(table_w.w_67, 1)", "calcc(table_w.w_67, 2)", "calcc(table_w.w_67, 3)", "calcc(table_w.w_67, 4)", "calcc(table_w.w_68, 1)", "calcc(table_w.w_68, 2)", "calcc(table_w.w_68, 3)", "calcc(table_w.w_68, 4)", "calcc(table_w.w_69, 1)", "calcc(table_w.w_69, 2)", "calcc(table_w.w_69, 3)", "calcc(table_w.w_69, 4)", "calcc(table_w.w_70, 1)", "calcc(table_w.w_70, 2)", "calcc(table_w.w_70, 3)", "calcc(table_w.w_70, 4)", "calcc(table_w.w_71, 1)", "calcc(table_w.w_71, 2)", "calcc(table_w.w_71, 3)", "calcc(table_w.w_71, 4)", "calcc(table_w.w_72, 1)", "calcc(table_w.w_72, 2)", "calcc(table_w.w_72, 3)", "calcc(table_w.w_72, 4)", "calcc(table_w.w_73, 1)", "calcc(table_w.w_73, 2)", "calcc(table_w.w_73, 3)", "calcc(table_w.w_73, 4)", "calcc(table_w.w_74, 1)", "calcc(table_w.w_74, 2)", "calcc(table_w.w_74, 3)", "calcc(table_w.w_74, 4)", "calcc(table_w.w_75, 1)", "calcc(table_w.w_75, 2)", "calcc(table_w.w_75, 3)", "calcc(table_w.w_75, 4)", "calcc(table_w.w_76, 1)", "calcc(table_w.w_76, 2)", "calcc(table_w.w_76, 3)", "calcc(table_w.w_76, 4)", "calcc(table_w.w_77, 1)", "calcc(table_w.w_77, 2)", "calcc(table_w.w_77, 3)", "calcc(table_w.w_77, 4)", "calcc(table_w.w_78, 1)", "calcc(table_w.w_78, 2)", "calcc(table_w.w_78, 3)", "calcc(table_w.w_78, 4)", "calcc(table_w.w_79, 1)", "calcc(table_w.w_79, 2)", "calcc(table_w.w_79, 3)", "calcc(table_w.w_79, 4)", "calcc(table_w.w_80, 1)", "calcc(table_w.w_80, 2)", "calcc(table_w.w_80, 3)", "calcc(table_w.w_80, 4)", "calcc(table_w.w_81, 1)", "calcc(table_w.w_81, 2)", "calcc(table_w.w_81, 3)", "calcc(table_w.w_81, 4)", "calcc(table_w.w_82, 1)", "calcc(table_w.w_82, 2)", "calcc(table_w.w_82, 3)", "calcc(table_w.w_82, 4)", "calcc(table_w.w_83, 1)", "calcc(table_w.w_83, 2)", "calcc(table_w.w_83, 3)", "calcc(table_w.w_83, 4)", "calcc(table_w.w_84, 1)", "calcc(table_w.w_84, 2)", "calcc(table_w.w_84, 3)", "calcc(table_w.w_84, 4)", "calcc(table_w.w_85, 1)", "calcc(table_w.w_85, 2)", "calcc(table_w.w_85, 3)", "calcc(table_w.w_85, 4)", "calcc(table_w.w_86, 1)", "calcc(table_w.w_86, 2)", "calcc(table_w.w_86, 3)", "calcc(table_w.w_86, 4)", "calcc(table_w.w_87, 1)", "calcc(table_w.w_87, 2)", "calcc(table_w.w_87, 3)", "calcc(table_w.w_87, 4)", "calcc(table_w.w_88, 1)", "calcc(table_w.w_88, 2)", "calcc(table_w.w_88, 3)", "calcc(table_w.w_88, 4)", "calcc(table_w.w_89, 1)", "calcc(table_w.w_89, 2)", "calcc(table_w.w_89, 3)", "calcc(table_w.w_89, 4)", "calcc(table_w.w_90, 1)", "calcc(table_w.w_90, 2)", "calcc(table_w.w_90, 3)", "calcc(table_w.w_90, 4)", "calcc(table_w.w_91, 1)", "calcc(table_w.w_91, 2)", "calcc(table_w.w_91, 3)", "calcc(table_w.w_91, 4)", "calcc(table_w.w_92, 1)", "calcc(table_w.w_92, 2)", "calcc(table_w.w_92, 3)", "calcc(table_w.w_92, 4)", "calcc(table_w.w_93, 1)", "calcc(table_w.w_93, 2)", "calcc(table_w.w_93, 3)", "calcc(table_w.w_93, 4)", "calcc(table_w.w_94, 1)", "calcc(table_w.w_94, 2)", "calcc(table_w.w_94, 3)", "calcc(table_w.w_94, 4)", "calcc(table_w.w_95, 1)", "calcc(table_w.w_95, 2)", "calcc(table_w.w_95, 3)", "calcc(table_w.w_95, 4)", "calcc(table_w.w_96, 1)", "calcc(table_w.w_96, 2)", "calcc(table_w.w_96, 3)", "calcc(table_w.w_96, 4)", "calcc(table_w.w_97, 1)", "calcc(table_w.w_97, 2)", "calcc(table_w.w_97, 3)", "calcc(table_w.w_97, 4)", "calcc(table_w.w_98, 1)", "calcc(table_w.w_98, 2)", "calcc(table_w.w_98, 3)", "calcc(table_w.w_98, 4)", "calcc(table_w.w_99, 1)", "calcc(table_w.w_99, 2)", "calcc(table_w.w_99, 3)", "calcc(table_w.w_99, 4)", "calcc(table_w.w_100, 1)", "calcc(table_w.w_100, 2)", "calcc(table_w.w_100, 3)", "calcc(table_w.w_100, 4)", "calcc(table_w.w_101, 1)", "calcc(table_w.w_101, 2)", "calcc(table_w.w_101, 3)", "calcc(table_w.w_101, 4)", "calcc(table_w.w_102, 1)", "calcc(table_w.w_102, 2)", "calcc(table_w.w_102, 3)", "calcc(table_w.w_102, 4)", "calcc(table_w.w_103, 1)", "calcc(table_w.w_103, 2)", "calcc(table_w.w_103, 3)", "calcc(table_w.w_103, 4)", "calcc(table_w.w_104, 1)", "calcc(table_w.w_104, 2)", "calcc(table_w.w_104, 3)", "calcc(table_w.w_104, 4)", "calcc(table_w.w_105, 1)", "calcc(table_w.w_105, 2)", "calcc(table_w.w_105, 3)", "calcc(table_w.w_105, 4)", "calcc(table_w.w_106, 1)", "calcc(table_w.w_106, 2)", "calcc(table_w.w_106, 3)", "calcc(table_w.w_106, 4)", "calcc(table_w.w_107, 1)", "calcc(table_w.w_107, 2)", "calcc(table_w.w_107, 3)", "calcc(table_w.w_107, 4)", "calcc(table_w.w_108, 1)", "calcc(table_w.w_108, 2)", "calcc(table_w.w_108, 3)", "calcc(table_w.w_108, 4)", "calcc(table_w.w_109, 1)", "calcc(table_w.w_109, 2)", "calcc(table_w.w_109, 3)", "calcc(table_w.w_109, 4)", "calcc(table_w.w_110, 1)", "calcc(table_w.w_110, 2)", "calcc(table_w.w_110, 3)", "calcc(table_w.w_110, 4)", "calcc(table_w.w_111, 1)", "calcc(table_w.w_111, 2)", "calcc(table_w.w_111, 3)", "calcc(table_w.w_111, 4)", "calcc(table_w.w_112, 1)", "calcc(table_w.w_112, 2)", "calcc(table_w.w_112, 3)", "calcc(table_w.w_112, 4)", "calcc(table_w.w_113, 1)", "calcc(table_w.w_113, 2)", "calcc(table_w.w_113, 3)", "calcc(table_w.w_113, 4)", "calcc(table_w.w_114, 1)", "calcc(table_w.w_114, 2)", "calcc(table_w.w_114, 3)", "calcc(table_w.w_114, 4)", "calcc(table_w.w_115, 1)", "calcc(table_w.w_115, 2)", "calcc(table_w.w_115, 3)", "calcc(table_w.w_115, 4)", "calcc(table_w.w_116, 1)", "calcc(table_w.w_116, 2)", "calcc(table_w.w_116, 3)", "calcc(table_w.w_116, 4)", "calcc(table_w.w_117, 1)", "calcc(table_w.w_117, 2)", "calcc(table_w.w_117, 3)", "calcc(table_w.w_117, 4)", "calcc(table_w.w_118, 1)", "calcc(table_w.w_118, 2)", "calcc(table_w.w_118, 3)", "calcc(table_w.w_118, 4)", "calcc(table_w.w_119, 1)", "calcc(table_w.w_119, 2)", "calcc(table_w.w_119, 3)", "calcc(table_w.w_119, 4)", "calcc(table_w.w_120, 1)", "calcc(table_w.w_120, 2)", "calcc(table_w.w_120, 3)", "calcc(table_w.w_120, 4)", "calcc(table_w.w_121, 1)", "calcc(table_w.w_121, 2)", "calcc(table_w.w_121, 3)", "calcc(table_w.w_121, 4)", "calcc(table_w.w_122, 1)", "calcc(table_w.w_122, 2)", "calcc(table_w.w_122, 3)", "calcc(table_w.w_122, 4)", "calcc(table_w.w_123, 1)", "calcc(table_w.w_123, 2)", "calcc(table_w.w_123, 3)", "calcc(table_w.w_123, 4)", "calcc(table_w.w_124, 1)", "calcc(table_w.w_124, 2)", "calcc(table_w.w_124, 3)", "calcc(table_w.w_124, 4)", "calcc(table_w.w_125, 1)", "calcc(table_w.w_125, 2)", "calcc(table_w.w_125, 3)", "calcc(table_w.w_125, 4)", "calcc(table_w.w_126, 1)", "calcc(table_w.w_126, 2)", "calcc(table_w.w_126, 3)", "calcc(table_w.w_126, 4)", "calcc(table_w.w_127, 1)", "calcc(table_w.w_127, 2)", "calcc(table_w.w_127, 3)", "calcc(table_w.w_127, 4)", "calcc(table_w.w_128, 1)", "calcc(table_w.w_128, 2)", "calcc(table_w.w_128, 3)", "calcc(table_w.w_128, 4)", "calcc(table_w.w_129, 1)", "calcc(table_w.w_129, 2)", "calcc(table_w.w_129, 3)", "calcc(table_w.w_129, 4)", "calcc(table_w.w_130, 1)", "calcc(table_w.w_130, 2)", "calcc(table_w.w_130, 3)", "calcc(table_w.w_130, 4)", "calcc(table_w.w_131, 1)", "calcc(table_w.w_131, 2)", "calcc(table_w.w_131, 3)", "calcc(table_w.w_131, 4)", "calcc(table_w.w_132, 1)", "calcc(table_w.w_132, 2)", "calcc(table_w.w_132, 3)", "calcc(table_w.w_132, 4)", "calcc(table_w.w_133, 1)", "calcc(table_w.w_133, 2)", "calcc(table_w.w_133, 3)", "calcc(table_w.w_133, 4)", "calcc(table_w.w_134, 1)", "calcc(table_w.w_134, 2)", "calcc(table_w.w_134, 3)", "calcc(table_w.w_134, 4)", "calcc(table_w.w_135, 1)", "calcc(table_w.w_135, 2)", "calcc(table_w.w_135, 3)", "calcc(table_w.w_135, 4)", "calcc(table_w.w_136, 1)", "calcc(table_w.w_136, 2)", "calcc(table_w.w_136, 3)", "calcc(table_w.w_136, 4)", "calcc(table_w.w_137, 1)", "calcc(table_w.w_137, 2)", "calcc(table_w.w_137, 3)", "calcc(table_w.w_137, 4)", "calcc(table_w.w_138, 1)", "calcc(table_w.w_138, 2)", "calcc(table_w.w_138, 3)", "calcc(table_w.w_138, 4)", "calcc(table_w.w_139, 1)", "calcc(table_w.w_139, 2)", "calcc(table_w.w_139, 3)", "calcc(table_w.w_139, 4)", "calcc(table_w.w_140, 1)", "calcc(table_w.w_140, 2)", "calcc(table_w.w_140, 3)", "calcc(table_w.w_140, 4)", "calcc(table_w.w_141, 1)", "calcc(table_w.w_141, 2)", "calcc(table_w.w_141, 3)", "calcc(table_w.w_141, 4)", "calcc(table_w.w_142, 1)", "calcc(table_w.w_142, 2)", "calcc(table_w.w_142, 3)", "calcc(table_w.w_142, 4)", "calcc(table_w.w_143, 1)", "calcc(table_w.w_143, 2)", "calcc(table_w.w_143, 3)", "calcc(table_w.w_143, 4)", "calcc(table_w.w_144, 1)", "calcc(table_w.w_144, 2)", "calcc(table_w.w_144, 3)", "calcc(table_w.w_144, 4)", "calcc(table_w.w_145, 1)", "calcc(table_w.w_145, 2)", "calcc(table_w.w_145, 3)", "calcc(table_w.w_145, 4)", "calcc(table_w.w_146, 1)", "calcc(table_w.w_146, 2)", "calcc(table_w.w_146, 3)", "calcc(table_w.w_146, 4)", "calcc(table_w.w_147, 1)", "calcc(table_w.w_147, 2)", "calcc(table_w.w_147, 3)", "calcc(table_w.w_147, 4)", "calcc(table_w.w_148, 1)", "calcc(table_w.w_148, 2)", "calcc(table_w.w_148, 3)", "calcc(table_w.w_148, 4)", "calcc(table_w.w_149, 1)", "calcc(table_w.w_149, 2)", "calcc(table_w.w_149, 3)", "calcc(table_w.w_149, 4)"],
                    "Shared Hit Blocks": 834,
                    "Shared Read Blocks": 0,
                    "Shared Dirtied Blocks": 0,
                    "Shared Written Blocks": 0,
                    "Local Hit Blocks": 0,
                    "Local Read Blocks": 0,
                    "Local Dirtied Blocks": 0,
                    "Local Written Blocks": 0,
                    "Temp Read Blocks": 0,
                    "Temp Written Blocks": 0,
                    "I/O Read Time": 0.000,
                    "I/O Write Time": 0.000
                  }
                ]
              }
            ]
          }
        ]
      },
      "Planning Time": 25.127,
      "Triggers": [
      ],
      "Execution Time": 236916.360
    }
  ]